<?xml version="1.0" encoding="UTF-8"?>
<!-- Generated by org.testng.reporters.JUnitReportReporter -->
<testsuite hostname="01HW937659" name="firsttestngpackage.FirstTestNGFile" tests="1" failures="0" timestamp="27 Jan 2017 06:30:36 GMT" time="13.242" errors="0">
  <testcase name="verifyURL" time="13.242" classname="firsttestngpackage.FirstTestNGFile"/>
</testsuite> <!-- firsttestngpackage.FirstTestNGFile -->
